<?xml version="1.0" encoding="UTF-8"?>
<!-- Generated by org.testng.reporters.JUnitXMLReporter -->
<testsuite ignored="0" hostname="DESKTOP-6ITAQL4" failures="0" tests="4" name="Default test" time="8.385" errors="0" timestamp="2024-07-07T08:56:26 IST">
  <testcase classname="test5.Mutipletestng" name="testSingleCheckbox" time="0.228"/>
  <testcase classname="test5.Mutipletestng" name="testMultipleCheckboxes" time="0.455"/>
  <testcase classname="test5.Mutipletestng" name="testSingleRadioButton" time="0.224"/>
  <testcase classname="test5.Mutipletestng" name="testMultipleRadioButtons" time="0.226"/>
</testsuite> <!-- Default test -->
