<?xml version="1.0" encoding="UTF-8"?>
<testng-results ignored="0" total="4" passed="4" failed="0" skipped="0">
  <reporter-output>
  </reporter-output>
  <suite started-at="2024-07-07T08:56:18 IST" name="Default suite" finished-at="2024-07-07T08:56:26 IST" duration-ms="8385">
    <groups>
      <group name="checkbox">
        <method signature="Mutipletestng.testSingleCheckbox()[pri:1, instance:test5.Mutipletestng@f78a47e]" name="testSingleCheckbox" class="test5.Mutipletestng"/>
        <method signature="Mutipletestng.testMultipleCheckboxes()[pri:2, instance:test5.Mutipletestng@f78a47e]" name="testMultipleCheckboxes" class="test5.Mutipletestng"/>
      </group> <!-- checkbox -->
      <group name="radio">
        <method signature="Mutipletestng.testSingleRadioButton()[pri:3, instance:test5.Mutipletestng@f78a47e]" name="testSingleRadioButton" class="test5.Mutipletestng"/>
        <method signature="Mutipletestng.testMultipleRadioButtons()[pri:4, instance:test5.Mutipletestng@f78a47e]" name="testMultipleRadioButtons" class="test5.Mutipletestng"/>
      </group> <!-- radio -->
    </groups>
    <test started-at="2024-07-07T08:56:18 IST" name="Default test" finished-at="2024-07-07T08:56:26 IST" duration-ms="8385">
      <class name="test5.Mutipletestng">
        <test-method is-config="true" signature="bt()[pri:0, instance:test5.Mutipletestng@f78a47e]" started-at="2024-07-07T08:56:18 IST" name="bt" finished-at="2024-07-07T08:56:24 IST" duration-ms="6801" status="PASS">
          <reporter-output>
          </reporter-output>
        </test-method> <!-- bt -->
        <test-method signature="testSingleCheckbox()[pri:1, instance:test5.Mutipletestng@f78a47e]" started-at="2024-07-07T08:56:25 IST" name="testSingleCheckbox" finished-at="2024-07-07T08:56:25 IST" duration-ms="228" status="PASS">
          <reporter-output>
          </reporter-output>
        </test-method> <!-- testSingleCheckbox -->
        <test-method signature="testMultipleCheckboxes()[pri:2, instance:test5.Mutipletestng@f78a47e]" started-at="2024-07-07T08:56:25 IST" name="testMultipleCheckboxes" finished-at="2024-07-07T08:56:25 IST" depends-on-methods="test5.Mutipletestng.testSingleCheckbox" duration-ms="455" status="PASS">
          <reporter-output>
          </reporter-output>
        </test-method> <!-- testMultipleCheckboxes -->
        <test-method signature="testSingleRadioButton()[pri:3, instance:test5.Mutipletestng@f78a47e]" started-at="2024-07-07T08:56:25 IST" name="testSingleRadioButton" finished-at="2024-07-07T08:56:25 IST" duration-ms="224" status="PASS">
          <reporter-output>
          </reporter-output>
        </test-method> <!-- testSingleRadioButton -->
        <test-method signature="testMultipleRadioButtons()[pri:4, instance:test5.Mutipletestng@f78a47e]" started-at="2024-07-07T08:56:25 IST" name="testMultipleRadioButtons" finished-at="2024-07-07T08:56:26 IST" depends-on-methods="test5.Mutipletestng.testSingleRadioButton" duration-ms="226" status="PASS">
          <reporter-output>
          </reporter-output>
        </test-method> <!-- testMultipleRadioButtons -->
        <test-method is-config="true" signature="tearDown()[pri:0, instance:test5.Mutipletestng@f78a47e]" started-at="2024-07-07T08:56:26 IST" name="tearDown" finished-at="2024-07-07T08:56:26 IST" duration-ms="316" status="PASS">
          <reporter-output>
          </reporter-output>
        </test-method> <!-- tearDown -->
      </class> <!-- test5.Mutipletestng -->
    </test> <!-- Default test -->
  </suite> <!-- Default suite -->
</testng-results>
